<?xml version="1.0" encoding="UTF-8"?>
<!-- Generated by org.testng.reporters.JUnitXMLReporter -->
<testsuite hostname="QSP-028" name="Test" tests="2" failures="1" timestamp="4 Sep 2019 09:23:42 GMT" time="41.987" errors="0">
  <testcase name="testcase1" time="0.012" classname="com.tyss.test.Testscript1">
    <failure type="java.lang.NullPointerException">
      <![CDATA[java.lang.NullPointerException
	at com.tyss.test.Testscript1.testcase1(Testscript1.java:17)
	at java.util.concurrent.FutureTask.run(FutureTask.java:266)
	at java.util.concurrent.ThreadPoolExecutor.runWorker(ThreadPoolExecutor.java:1149)
	at java.util.concurrent.ThreadPoolExecutor$Worker.run(ThreadPoolExecutor.java:624)
	at java.lang.Thread.run(Thread.java:748)
... Removed 16 stack frames]]>
    </failure>
  </testcase> <!-- testcase1 -->
  <testcase name="testcase2" time="40.168" classname="com.tyss.test.TestNG2"/>
</testsuite> <!-- Test -->
